Project migration to XML Schema (XSD) version 98 is completed.
Project migration to XML Schema (XSD) version 99 is completed.
Project migration to XML Schema (XSD) version 100 is completed.
Project migration to XML Schema (XSD) version 101 is completed.
Project migration to XML Schema (XSD) version 102 is completed.
Project migration to XML Schema (XSD) version 103 is completed.
Project migration to XML Schema (XSD) version 104 is completed.
Project migration to XML Schema (XSD) version 105 is completed.
Project migration to XML Schema (XSD) version 106 is completed.
Project migration to XML Schema (XSD) version 107 is completed.
Project migration to XML Schema (XSD) version 108 is completed.
Project migration to XML Schema (XSD) version 109 is completed.
Project migration to XML Schema (XSD) version 110 is completed.
Project migration to XML Schema (XSD) version 111 is completed.
Project migration to XML Schema (XSD) version 112 is completed.
Project migration to XML Schema (XSD) version 113 is completed.
Project migration to XML Schema (XSD) version 114 is completed.
Project migration to XML Schema (XSD) version 115 is completed.
Project migration to XML Schema (XSD) version 116 is completed.
Project migration to XML Schema (XSD) version 117 is completed.
Project migration to XML Schema (XSD) version 118 is completed.
Project migration to XML Schema (XSD) version 119 is completed.
Project migration to XML Schema (XSD) version 120 is completed.
Project migration to XML Schema (XSD) version 121 is completed.
Project migration to XML Schema (XSD) version 122 is completed.
Project migration to XML Schema (XSD) version 123 is completed.
Project migration to XML Schema (XSD) version 124 is completed.
Project migration to XML Schema (XSD) version 125 is completed.
Project migration to XML Schema (XSD) version 126 is completed.
Project migration to XML Schema (XSD) version 127 is completed.
Project migration to XML Schema (XSD) version 128 is completed.
Project migration to XML Schema (XSD) version 129 is completed.
Project migration to XML Schema (XSD) version 130 is completed.
Project migration to XML Schema (XSD) version 131 is completed.
Project migration to XML Schema (XSD) version 132 is completed.
The file 'Y:\Desktop\GAM 351 Cube Wwise Session\Actor-Mixer Hierarchy\Default Work Unit.wwu' was moved during the migration of your project. If your project is under source control the file has been marked for move, remember to commit the change.
The file 'Y:\Desktop\GAM 351 Cube Wwise Session\Audio Devices\Default Work Unit.wwu' was moved during the migration of your project. If your project is under source control the file has been marked for move, remember to commit the change.
The file 'Y:\Desktop\GAM 351 Cube Wwise Session\Interactive Music Hierarchy\Default Work Unit.wwu' was moved during the migration of your project. If your project is under source control the file has been marked for move, remember to commit the change.
The file 'Y:\Desktop\GAM 351 Cube Wwise Session\Master-Mixer Hierarchy\Default Work Unit.wwu' was moved during the migration of your project. If your project is under source control the file has been marked for move, remember to commit the change.
The file 'Y:\Desktop\GAM 351 Cube Wwise Session\Master-Mixer Hierarchy' was deleted during the migration of your project. If your project is under source control the file has been marked for delete, remember to commit the change.
The file 'Y:\Desktop\GAM 351 Cube Wwise Session\Interactive Music Hierarchy' was deleted during the migration of your project. If your project is under source control the file has been marked for delete, remember to commit the change.
The file 'Y:\Desktop\GAM 351 Cube Wwise Session\Audio Devices' was deleted during the migration of your project. If your project is under source control the file has been marked for delete, remember to commit the change.
The file 'Y:\Desktop\GAM 351 Cube Wwise Session\Actor-Mixer Hierarchy' was deleted during the migration of your project. If your project is under source control the file has been marked for delete, remember to commit the change.
The default work unit '\Metadata\Default Work Unit' is missing.  It has been created. If your project is under source control, remember to add this file.
The default work unit '\Sidechain Mixes\Default Work Unit' is missing.  It has been created. If your project is under source control, remember to add this file.
Some new object properties have been added or obsolete properties deleted. The project file was updated. These changes will not have an impact on your project.
